0 info it worked if it ends with ok
1 verbose cli [ 'C:\\Program Files\\nodejs\\node.exe',
1 verbose cli   'C:\\Program Files\\nodejs\\node_modules\\npm\\bin\\npm-cli.js',
1 verbose cli   'install',
1 verbose cli   './config/db' ]
2 info using npm@2.15.9
3 info using node@v4.6.0
4 verbose install initial load of C:\Users\Alex Ulery\Documents\dynamix\web\package.json
5 warn package.json dynamix@0.0.1 No repository field.
6 warn package.json dynamix@0.0.1 No license field.
7 verbose installManyTop reading scoped package data from C:\Users\Alex Ulery\Documents\dynamix\web\node_modules\body-parser\package.json
8 verbose installManyTop reading scoped package data from C:\Users\Alex Ulery\Documents\dynamix\web\node_modules\cookie-parser\package.json
9 verbose installManyTop reading scoped package data from C:\Users\Alex Ulery\Documents\dynamix\web\node_modules\express\package.json
10 verbose installManyTop reading scoped package data from C:\Users\Alex Ulery\Documents\dynamix\web\node_modules\method-override\package.json
11 verbose installManyTop reading scoped package data from C:\Users\Alex Ulery\Documents\dynamix\web\node_modules\mongoose\package.json
12 verbose installManyTop reading scoped package data from C:\Users\Alex Ulery\Documents\dynamix\web\node_modules\morgan\package.json
13 verbose installManyTop reading scoped package data from C:\Users\Alex Ulery\Documents\dynamix\web\node_modules\querystring\package.json
14 verbose installManyTop reading scoped package data from C:\Users\Alex Ulery\Documents\dynamix\web\node_modules\request\package.json
15 info package.json cookie-parser@1.3.2 No license field.
16 info package.json querystring@0.2.0 querystring is also the name of a node core module.
17 info package.json querystring@0.2.0 No license field.
18 info package.json request@2.34.0 license should be a valid SPDX license expression
19 verbose readDependencies loading dependencies from C:\Users\Alex Ulery\Documents\dynamix\web\package.json
20 silly cache add args [ './config/db', null ]
21 verbose cache add spec ./config/db
22 silly cache add parsed spec Result {
22 silly cache add   raw: './config/db',
22 silly cache add   scope: null,
22 silly cache add   name: null,
22 silly cache add   rawSpec: './config/db',
22 silly cache add   spec: 'C:\\Users\\Alex Ulery\\Documents\\dynamix\\web\\config\\db',
22 silly cache add   type: 'local' }
23 error addLocal Could not install C:\Users\Alex Ulery\Documents\dynamix\web\config\db
24 verbose stack Error: ENOENT: no such file or directory, open 'C:\Users\Alex Ulery\Documents\dynamix\web\config\db'
24 verbose stack     at Error (native)
25 verbose cwd C:\Users\Alex Ulery\Documents\dynamix\web
26 error Windows_NT 6.2.9200
27 error argv "C:\\Program Files\\nodejs\\node.exe" "C:\\Program Files\\nodejs\\node_modules\\npm\\bin\\npm-cli.js" "install" "./config/db"
28 error node v4.6.0
29 error npm  v2.15.9
30 error path C:\Users\Alex Ulery\Documents\dynamix\web\config\db
31 error code ENOENT
32 error errno -4058
33 error syscall open
34 error enoent ENOENT: no such file or directory, open 'C:\Users\Alex Ulery\Documents\dynamix\web\config\db'
34 error enoent This is most likely not a problem with npm itself
34 error enoent and is related to npm not being able to find a file.
35 verbose exit [ -4058, true ]
